<?xml version="1.0" encoding="UTF-8"?><testsuite errors="1" failures="0" name="Leave" skipped="0" tests="4" time="21.0" timestamp="2025-01-05 06:58:48"><testcase name="Navigate to Leave page"/><testcase name="Add entitlements"/><testcase name="Assign Leave"><error message="stale element reference: stale element not found in the current frame&#10;  (Session info: chrome=131.0.6778.139)&#10;For documentation on this error, please visit: https://www.seleniumhq.org/exceptions/stale_element_reference.html&#10;Build info: version: '3.141.59', revision: 'e82be7d358', time: '2018-11-14T08:17:03'&#10;System info: host: 'fv-az1719-363', ip: '10.1.0.137', os.name: 'Linux', os.arch: 'amd64', os.version: '6.8.0-1017-azure', java.version: '17.0.13'&#10;Driver info: org.openqa.selenium.chrome.ChromeDriver&#10;Capabilities {acceptInsecureCerts: false, browserName: chrome, browserVersion: 131.0.6778.139, chrome: {chromedriverVersion: 131.0.6778.108 (3b014839fbc..., userDataDir: /tmp/.org.chromium.Chromium...}, fedcm:accounts: true, goog:chromeOptions: {debuggerAddress: localhost:40043}, javascriptEnabled: true, networkConnectionEnabled: false, pageLoadStrategy: normal, platform: LINUX, platformName: LINUX, proxy: Proxy(), setWindowRect: true, strictFileInteractability: false, timeouts: {implicit: 0, pageLoad: 300000, script: 30000}, unhandledPromptBehavior: dismiss and notify, webauthn:extension:credBlob: true, webauthn:extension:largeBlob: true, webauthn:extension:minPinLength: true, webauthn:extension:prf: true, webauthn:virtualAuthenticators: true}&#10;Session ID: 8817d5c7df4b4cc09e952cd2953b9617&#10;For documentation on this error, please visit: https://www.seleniumhq.org/exceptions/stale_element_reference.html&#10;Build info: version: '3.141.59', revision: 'e82be7d358', time: '2018-11-14T08:17:03'&#10;System info: host: 'fv-az1719-363', ip: '10.1.0.137', os.name: 'Linux', os.arch: 'amd64', os.version: '6.8.0-1017-azure', java.version: '17.0.13'&#10;Driver info: driver.version: unknown" type="org.openqa.selenium.StaleElementReferenceException">stale element reference: stale element not found in the current frame
  (Session info: chrome=131.0.6778.139)
For documentation on this error, please visit: https://www.seleniumhq.org/exceptions/stale_element_reference.html
Build info: version: '3.141.59', revision: 'e82be7d358', time: '2018-11-14T08:17:03'
System info: host: 'fv-az1719-363', ip: '10.1.0.137', os.name: 'Linux', os.arch: 'amd64', os.version: '6.8.0-1017-azure', java.version: '17.0.13'
Driver info: org.openqa.selenium.chrome.ChromeDriver
Capabilities {acceptInsecureCerts: false, browserName: chrome, browserVersion: 131.0.6778.139, chrome: {chromedriverVersion: 131.0.6778.108 (3b014839fbc..., userDataDir: /tmp/.org.chromium.Chromium...}, fedcm:accounts: true, goog:chromeOptions: {debuggerAddress: localhost:40043}, javascriptEnabled: true, networkConnectionEnabled: false, pageLoadStrategy: normal, platform: LINUX, platformName: LINUX, proxy: Proxy(), setWindowRect: true, strictFileInteractability: false, timeouts: {implicit: 0, pageLoad: 300000, script: 30000}, unhandledPromptBehavior: dismiss and notify, webauthn:extension:credBlob: true, webauthn:extension:largeBlob: true, webauthn:extension:minPinLength: true, webauthn:extension:prf: true, webauthn:virtualAuthenticators: true}
Session ID: 8817d5c7df4b4cc09e952cd2953b9617
For documentation on this error, please visit: https://www.seleniumhq.org/exceptions/stale_element_reference.html
Build info: version: '3.141.59', revision: 'e82be7d358', time: '2018-11-14T08:17:03'
System info: host: 'fv-az1719-363', ip: '10.1.0.137', os.name: 'Linux', os.arch: 'amd64', os.version: '6.8.0-1017-azure', java.version: '17.0.13'
Driver info: driver.version: unknown</error><system-err>stale element reference: stale element not found in the current frame
  (Session info: chrome=131.0.6778.139)
For documentation on this error, please visit: https://www.seleniumhq.org/exceptions/stale_element_reference.html
Build info: version: '3.141.59', revision: 'e82be7d358', time: '2018-11-14T08:17:03'
System info: host: 'fv-az1719-363', ip: '10.1.0.137', os.name: 'Linux', os.arch: 'amd64', os.version: '6.8.0-1017-azure', java.version: '17.0.13'
Driver info: org.openqa.selenium.chrome.ChromeDriver
Capabilities {acceptInsecureCerts: false, browserName: chrome, browserVersion: 131.0.6778.139, chrome: {chromedriverVersion: 131.0.6778.108 (3b014839fbc..., userDataDir: /tmp/.org.chromium.Chromium...}, fedcm:accounts: true, goog:chromeOptions: {debuggerAddress: localhost:40043}, javascriptEnabled: true, networkConnectionEnabled: false, pageLoadStrategy: normal, platform: LINUX, platformName: LINUX, proxy: Proxy(), setWindowRect: true, strictFileInteractability: false, timeouts: {implicit: 0, pageLoad: 300000, script: 30000}, unhandledPromptBehavior: dismiss and notify, webauthn:extension:credBlob: true, webauthn:extension:largeBlob: true, webauthn:extension:minPinLength: true, webauthn:extension:prf: true, webauthn:virtualAuthenticators: true}
Session ID: 8817d5c7df4b4cc09e952cd2953b9617
For documentation on this error, please visit: https://www.seleniumhq.org/exceptions/stale_element_reference.html
Build info: version: '3.141.59', revision: 'e82be7d358', time: '2018-11-14T08:17:03'
System info: host: 'fv-az1719-363', ip: '10.1.0.137', os.name: 'Linux', os.arch: 'amd64', os.version: '6.8.0-1017-azure', java.version: '17.0.13'
Driver info: driver.version: unknown
ui.testing@1.0.0-SNAPSHOT/org.example.pageobjects.LeavePageObject.selectDate(LeavePageObject.java:95)
ui.testing@1.0.0-SNAPSHOT/org.example.actions.LeaveAction.selectDate(LeaveAction.java:13)
ui.testing@1.0.0-SNAPSHOT/org.example.stepdefinitions.LeaveStepDefinitions.theUserEntersToDateToDate(LeaveStepDefinitions.java:57)
✽.the user enters To Date = "2025-22-01"(file:///home/runner/work/Group_52-Serenity-/Group_52-Serenity-/ui-testing/src/test/resources/features/Leave.feature:23)
</system-err></testcase><testcase name="Search Leave List"/></testsuite>