<?xml version="1.0" encoding="UTF-8"?><testsuite errors="0" failures="2" name="Book API Test Scenarios" skipped="0" tests="7" time="3.53" timestamp="2025-01-05 06:57:54"><testcase name="Create a book with valid details by roles"/><testcase name="Validate request when mandatory fields are missing"><failure message="1 expectation failed.&#10;Expected status code &lt;400&gt; but was &lt;201&gt;.&#10;" type="java.lang.AssertionError">1 expectation failed.
Expected status code &lt;400&gt; but was &lt;201&gt;.
</failure><system-err>1 expectation failed.
Expected status code &lt;400&gt; but was &lt;201&gt;.

io.restassured.internal.ResponseSpecificationImpl.validateResponseIfRequired(ResponseSpecificationImpl.groovy:674)
io.restassured.internal.ResponseSpecificationImpl.statusCode(ResponseSpecificationImpl.groovy:126)
io.restassured.internal.ResponseSpecificationImpl.statusCode(ResponseSpecificationImpl.groovy:134)
io.restassured.internal.ValidatableResponseOptionsImpl.statusCode(ValidatableResponseOptionsImpl.java:89)
io.restassured.internal.ValidatableResponseImpl.super$2$statusCode(ValidatableResponseImpl.groovy)
groovy.lang.MetaMethod.doMethodInvoke(MetaMethod.java:323)
groovy.lang.MetaClassImpl.invokeMethod(MetaClassImpl.java:1268)
io.restassured.internal.ValidatableResponseImpl.statusCode(ValidatableResponseImpl.groovy:142)
io.restassured.internal.ValidatableResponseImpl.statusCode(ValidatableResponseImpl.groovy)
api.testing@1.0.0-SNAPSHOT/org.example.stepdefinitions.CreateBookStepDefinitions.responseForPostDuplicate(CreateBookStepDefinitions.java:66)
✽.status 400(file:///home/runner/work/Group_52-Serenity-/Group_52-Serenity-/api-testing/src/test/resources/features/CreateBook.feature:24)
</system-err></testcase><testcase name="Validate duplicate title"><failure message="1 expectation failed.&#10;Expected status code &lt;409&gt; but was &lt;201&gt;.&#10;" type="java.lang.AssertionError">1 expectation failed.
Expected status code &lt;409&gt; but was &lt;201&gt;.
</failure><system-err>1 expectation failed.
Expected status code &lt;409&gt; but was &lt;201&gt;.

io.restassured.internal.ResponseSpecificationImpl.validateResponseIfRequired(ResponseSpecificationImpl.groovy:674)
io.restassured.internal.ResponseSpecificationImpl.statusCode(ResponseSpecificationImpl.groovy:126)
io.restassured.internal.ResponseSpecificationImpl.statusCode(ResponseSpecificationImpl.groovy:134)
io.restassured.internal.ValidatableResponseOptionsImpl.statusCode(ValidatableResponseOptionsImpl.java:89)
io.restassured.internal.ValidatableResponseImpl.super$2$statusCode(ValidatableResponseImpl.groovy)
groovy.lang.MetaMethod.doMethodInvoke(MetaMethod.java:323)
groovy.lang.MetaClassImpl.invokeMethod(MetaClassImpl.java:1268)
io.restassured.internal.ValidatableResponseImpl.statusCode(ValidatableResponseImpl.groovy:142)
io.restassured.internal.ValidatableResponseImpl.statusCode(ValidatableResponseImpl.groovy)
api.testing@1.0.0-SNAPSHOT/org.example.stepdefinitions.CreateBookStepDefinitions.responseForPostDuplicate(CreateBookStepDefinitions.java:66)
✽.status 409(file:///home/runner/work/Group_52-Serenity-/Group_52-Serenity-/api-testing/src/test/resources/features/CreateBook.feature:44)
</system-err></testcase></testsuite>